<?xml version="1.0" encoding="UTF-8"?>
<!-- Generated by org.testng.reporters.JUnitReportReporter -->
<testsuite hostname="DESKTOP-B38L8U8" failures="0" tests="10" name="testNGKeyWordProgram.InvocationClass" time="0.068" errors="0" timestamp="9 Jul 2024 03:34:39 GMT">
  <testcase classname="testNGKeyWordProgram.InvocationClass" name="addition" time="0.002"/>
  <testcase classname="testNGKeyWordProgram.InvocationClass" name="addition" time="0.001"/>
  <testcase classname="testNGKeyWordProgram.InvocationClass" name="addition" time="0.002"/>
  <testcase classname="testNGKeyWordProgram.InvocationClass" name="addition" time="0.052"/>
  <testcase classname="testNGKeyWordProgram.InvocationClass" name="addition" time="0.002"/>
  <testcase classname="testNGKeyWordProgram.InvocationClass" name="addition" time="0.002"/>
  <testcase classname="testNGKeyWordProgram.InvocationClass" name="addition" time="0.001"/>
  <testcase classname="testNGKeyWordProgram.InvocationClass" name="addition" time="0.003"/>
  <testcase classname="testNGKeyWordProgram.InvocationClass" name="addition" time="0.001"/>
  <testcase classname="testNGKeyWordProgram.InvocationClass" name="addition" time="0.002"/>
</testsuite>
