<?xml version="1.0" encoding="UTF-8"?>
<!-- Generated by org.testng.reporters.JUnitReportReporter -->
<testsuite hostname="DESKTOP-B38L8U8" failures="0" tests="3" name="TestNGExplenation.TestClass" time="0.028" errors="0" timestamp="8 Jul 2024 12:29:15 GMT">
  <testcase classname="TestNGExplenation.TestClass" name="TestMethod1" time="0.020"/>
  <testcase classname="TestNGExplenation.TestClass" name="TestMethod2" time="0.005"/>
  <testcase classname="TestNGExplenation.TestClass" name="TestMethod3" time="0.003"/>
</testsuite>
