<?xml version="1.0" encoding="UTF-8"?>
<!-- Generated by org.testng.reporters.JUnitReportReporter -->
<testsuite hostname="DESKTOP-B38L8U8" failures="0" tests="1" name="testNGKeyWordProgram.ExpectedException" time="0.024" errors="0" timestamp="9 Jul 2024 00:42:01 GMT">
  <testcase classname="testNGKeyWordProgram.ExpectedException" name="mymethod" time="0.024"/>
</testsuite>
