<?xml version="1.0" encoding="UTF-8"?>
<!-- Generated by org.testng.reporters.JUnitReportReporter -->
<testsuite hostname="DESKTOP-B38L8U8" failures="0" tests="3" name="TestNGExplenation.DemoClass" time="4.777" errors="0" timestamp="8 Jul 2024 13:28:49 GMT">
  <testcase classname="TestNGExplenation.DemoClass" name="TaskTab" time="1.859"/>
  <testcase classname="TestNGExplenation.DemoClass" name="verifylogo" time="1.185"/>
  <testcase classname="TestNGExplenation.DemoClass" name="verifylogout" time="1.733"/>
</testsuite>
